<?xml version="1.0" encoding="UTF-8"?>
<testng-results skipped="0" failed="0" ignored="0" total="1" passed="1">
  <reporter-output>
  </reporter-output>
  <suite name="Default suite" duration-ms="168814" started-at="2020-05-17T17:28:06 IST" finished-at="2020-05-17T17:30:55 IST">
    <groups>
    </groups>
    <test name="Default test" duration-ms="168814" started-at="2020-05-17T17:28:06 IST" finished-at="2020-05-17T17:30:55 IST">
      <class name="AutomationPractice.AssignmentDataDrivenTest">
        <test-method status="PASS" signature="initialization()[pri:0, instance:AutomationPractice.AssignmentDataDrivenTest@1e6d1014]" name="initialization" is-config="true" duration-ms="46778" started-at="2020-05-17T17:28:06 IST" finished-at="2020-05-17T17:28:53 IST">
          <reporter-output>
          </reporter-output>
        </test-method> <!-- initialization -->
        <test-method status="PASS" signature="BookingFLow()[pri:0, instance:AutomationPractice.AssignmentDataDrivenTest@1e6d1014]" name="BookingFLow" duration-ms="121946" started-at="2020-05-17T17:28:53 IST" finished-at="2020-05-17T17:30:55 IST">
          <reporter-output>
          </reporter-output>
        </test-method> <!-- BookingFLow -->
      </class> <!-- AutomationPractice.AssignmentDataDrivenTest -->
    </test> <!-- Default test -->
  </suite> <!-- Default suite -->
</testng-results>
